<?xml version="1.0" encoding="UTF-8"?>
<testng-results ignored="0" total="2" passed="2" failed="0" skipped="0">
  <reporter-output>
  </reporter-output>
  <suite started-at="2023-02-17T19:14:54 IST" name="Default suite" finished-at="2023-02-17T19:18:37 IST" duration-ms="222611">
    <groups>
    </groups>
    <test started-at="2023-02-17T19:14:54 IST" name="Default test" finished-at="2023-02-17T19:18:37 IST" duration-ms="222611">
      <class name="POM_DDF_TestNG_BaseClass_UtilityClass.Insurance_TestNG_TestClass">
        <test-method is-config="true" signature="OpenBrowser()[pri:0, instance:POM_DDF_TestNG_BaseClass_UtilityClass.Insurance_TestNG_TestClass@35ef1869]" started-at="2023-02-17T19:14:55 IST" name="OpenBrowser" finished-at="2023-02-17T19:15:49 IST" duration-ms="54012" status="PASS">
          <reporter-output>
          </reporter-output>
        </test-method> <!-- OpenBrowser -->
        <test-method is-config="true" signature="loginToApp()[pri:0, instance:POM_DDF_TestNG_BaseClass_UtilityClass.Insurance_TestNG_TestClass@35ef1869]" started-at="2023-02-17T19:15:49 IST" name="loginToApp" finished-at="2023-02-17T19:16:50 IST" duration-ms="61570" status="PASS">
          <reporter-output>
          </reporter-output>
        </test-method> <!-- loginToApp -->
        <test-method signature="VerifyEmailAddress()[pri:1, instance:POM_DDF_TestNG_BaseClass_UtilityClass.Insurance_TestNG_TestClass@35ef1869]" started-at="2023-02-17T19:16:50 IST" name="VerifyEmailAddress" finished-at="2023-02-17T19:16:59 IST" duration-ms="8535" status="PASS">
          <reporter-output>
          </reporter-output>
        </test-method> <!-- VerifyEmailAddress -->
        <test-method is-config="true" signature="LogoutFromApp(org.testng.ITestResult)[pri:0, instance:POM_DDF_TestNG_BaseClass_UtilityClass.Insurance_TestNG_TestClass@35ef1869]" started-at="2023-02-17T19:16:59 IST" name="LogoutFromApp" finished-at="2023-02-17T19:17:33 IST" duration-ms="33868" status="PASS">
          <params>
            <param index="0">
              <value>
                <![CDATA[[TestResult name=VerifyEmailAddress status=SUCCESS method=Insurance_TestNG_TestClass.VerifyEmailAddress()[pri:1, instance:POM_DDF_TestNG_BaseClass_UtilityClass.Insurance_TestNG_TestClass@35ef1869] output={null}]]]>
              </value>
            </param>
          </params>
          <reporter-output>
          </reporter-output>
        </test-method> <!-- LogoutFromApp -->
        <test-method is-config="true" signature="loginToApp()[pri:0, instance:POM_DDF_TestNG_BaseClass_UtilityClass.Insurance_TestNG_TestClass@35ef1869]" started-at="2023-02-17T19:17:33 IST" name="loginToApp" finished-at="2023-02-17T19:18:06 IST" duration-ms="33276" status="PASS">
          <reporter-output>
          </reporter-output>
        </test-method> <!-- loginToApp -->
        <test-method signature="VerifyTitle()[pri:2, instance:POM_DDF_TestNG_BaseClass_UtilityClass.Insurance_TestNG_TestClass@35ef1869]" started-at="2023-02-17T19:18:06 IST" name="VerifyTitle" finished-at="2023-02-17T19:18:06 IST" duration-ms="211" status="PASS">
          <reporter-output>
          </reporter-output>
        </test-method> <!-- VerifyTitle -->
        <test-method is-config="true" signature="LogoutFromApp(org.testng.ITestResult)[pri:0, instance:POM_DDF_TestNG_BaseClass_UtilityClass.Insurance_TestNG_TestClass@35ef1869]" started-at="2023-02-17T19:18:06 IST" name="LogoutFromApp" finished-at="2023-02-17T19:18:37 IST" duration-ms="30891" status="PASS">
          <params>
            <param index="0">
              <value>
                <![CDATA[[TestResult name=VerifyTitle status=SUCCESS method=Insurance_TestNG_TestClass.VerifyTitle()[pri:2, instance:POM_DDF_TestNG_BaseClass_UtilityClass.Insurance_TestNG_TestClass@35ef1869] output={null}]]]>
              </value>
            </param>
          </params>
          <reporter-output>
          </reporter-output>
        </test-method> <!-- LogoutFromApp -->
        <test-method is-config="true" signature="CloseBrowser()[pri:0, instance:POM_DDF_TestNG_BaseClass_UtilityClass.Insurance_TestNG_TestClass@35ef1869]" started-at="2023-02-17T19:18:37 IST" name="CloseBrowser" finished-at="2023-02-17T19:18:37 IST" duration-ms="147" status="PASS">
          <reporter-output>
          </reporter-output>
        </test-method> <!-- CloseBrowser -->
      </class> <!-- POM_DDF_TestNG_BaseClass_UtilityClass.Insurance_TestNG_TestClass -->
    </test> <!-- Default test -->
  </suite> <!-- Default suite -->
</testng-results>
